2024/03/25 09:18:52 Error executing bundles data insert: Error 1064 (42000): You have an error in your SQL syntax; check the manual that corresponds to your MySQL server version for the right syntax to use near '' at line 1
2024/03/25 09:18:52 Error inserting Mobile App Android bundles into database with error : Error 1064 (42000): You have an error in your SQL syntax; check the manual that corresponds to your MySQL server version for the right syntax to use near '' at line 1
2024/03/25 09:18:52 Total execution time: 3.825770813s
2024/03/25 13:48:46 Total execution time: 1m47.23106445s
2024/03/26 15:40:16 Data written to app-ads_txt_domains.txt successfully.
2024/03/26 15:40:17 Error crawling domain aastudio.org: non-200 status code received: 404
2024/03/26 15:40:17 Error crawling domain www.rocket2-vpn.top: non-200 status code received: 404
2024/03/26 15:40:17 Error crawling domain www.wizardgames.ca: non-200 status code received: 404
2024/03/26 15:44:08 Data written to app-ads_txt_domains.txt successfully.
2024/03/26 15:44:09 Error crawling domain h5.baechat.my: response does not look like an ads.txt file
2024/03/26 15:44:09 Error crawling domain www.rocket2-vpn.top: non-200 status code received: 404
2024/03/26 15:44:09 Error crawling domain www.wizardgames.ca: non-200 status code received: 404
2024/03/26 15:44:23 Data written to app-ads_txt_domains.txt successfully.
2024/03/26 15:44:23 Error crawling domain www.wizardgames.ca: non-200 status code received: 404
2024/03/26 15:44:23 Error crawling domain aastudio.org: non-200 status code received: 404
2024/03/26 15:44:43 Data written to app-ads_txt_domains.txt successfully.
2024/03/26 15:44:44 Error crawling domain h5.baechat.my: response does not look like an ads.txt file
2024/03/26 15:44:44 Error crawling domain www.wizardgames.ca: non-200 status code received: 404
2024/03/26 15:44:44 Error crawling domain asynctv.com: non-200 status code received: 404
2024/03/26 15:44:44 Error crawling domain www.rocket2-vpn.top: non-200 status code received: 404
2024/03/26 15:44:44 Error crawling domain wesdreamer.homes: non-200 status code received: 404
2024/03/26 15:44:44 Error crawling domain josdl.com: failed to fetch URL: Get "http://josdl.com/app-ads": dial tcp: lookup josdl.com on 127.0.0.53:53: server misbehaving
2024/03/26 15:44:45 Error crawling domain cbsinteractive.com: response does not look like an ads.txt file
2024/03/26 15:44:45 Error crawling domain pluto.tv: failed to fetch URL: Get "/something-went-wrong": stopped after 3 redirects
2024/03/26 15:44:45 Error crawling domain play.works: response does not look like an ads.txt file
2024/03/26 15:44:45 Error crawling domain www.kcbd.com: non-200 status code received: 404
2024/03/26 15:44:45 Error crawling domain futuretodayinc.com: non-200 status code received: 404
2024/03/26 15:44:45 Error crawling domain : failed to fetch URL: Get "http:///app-ads": http: no Host in request URL
2024/03/26 15:44:45 Error crawling domain : failed to fetch URL: Get "http:///app-ads": http: no Host in request URL
2024/03/26 15:44:45 Error crawling domain venevision.univtec.com: response does not look like an ads.txt file
2024/03/26 15:44:46 Error crawling domain tbs.com: failed to fetch URL: Get "https://www.international.tbs.com/": stopped after 3 redirects
2024/03/26 15:44:46 Error crawling domain goapphelp.discovery.com: non-200 status code received: 404
2024/03/26 15:44:46 Error crawling domain thv11.com: non-200 status code received: 404
2024/03/26 15:44:46 Error crawling domain futuretodayinc.com: non-200 status code received: 404
2024/03/26 15:44:47 Error crawling domain badge-scanner.com: response does not look like an ads.txt file
2024/03/26 15:44:47 Error crawling domain aastudio.org: non-200 status code received: 404
2024/03/26 15:44:47 Error crawling domain www.inspiredsquare.com: non-200 status code received: 404
2024/03/26 15:44:47 Error crawling domain www.crystalite.org: non-200 status code received: 404
2024/03/26 15:44:47 Error crawling domain biblediscoverytv.com: non-200 status code received: 502
2024/03/26 15:44:48 Error crawling domain futuretodayinc.com: non-200 status code received: 404
2024/03/26 15:44:48 Error crawling domain downloader.easylife.studio: non-200 status code received: 404
2024/03/26 15:44:48 Error crawling domain : failed to fetch URL: Get "http:///app-ads": http: no Host in request URL
2024/03/26 15:44:48 Error crawling domain zeasn.com: non-200 status code received: 404
2024/03/26 15:44:48 Error crawling domain phoenixentertainment.org: non-200 status code received: 404
2024/03/26 15:44:48 Error crawling domain mattmoores.com: non-200 status code received: 404
2024/03/26 15:44:48 Error crawling domain westernmassnews.com: non-200 status code received: 404
2024/03/26 15:44:48 Error crawling domain : failed to fetch URL: Get "http:///app-ads": http: no Host in request URL
2024/03/26 15:44:49 Error crawling domain www.enni.de: non-200 status code received: 404
2024/03/26 15:44:49 Error crawling domain castify.ai: non-200 status code received: 404
2024/03/26 15:44:49 Error crawling domain 5newsonline.com: non-200 status code received: 404
2024/03/26 15:44:49 Error crawling domain www.kezi.com: non-200 status code received: 404
2024/03/26 15:44:49 Error crawling domain hduofungames.com: non-200 status code received: 404
2024/03/26 15:44:49 Error crawling domain : failed to fetch URL: Get "http:///app-ads": http: no Host in request URL
2024/03/26 15:44:49 Error crawling domain play.works: response does not look like an ads.txt file
2024/03/26 15:44:50 Error crawling domain vlogbox.com: non-200 status code received: 404
2024/03/26 15:44:50 Error crawling domain cas.ai: non-200 status code received: 404
2024/03/26 15:44:51 Error crawling domain amctv.com: non-200 status code received: 404
2024/03/26 15:44:51 Error crawling domain app16330123.appsgeyser.com: response does not look like an ads.txt file
2024/03/26 15:44:51 Error crawling domain pharoscode.co: non-200 status code received: 404
2024/03/26 15:44:51 Error crawling domain 13wmaz.com: non-200 status code received: 404
2024/03/26 15:44:52 Error crawling domain omnify.tv: non-200 status code received: 404
2024/03/26 15:44:52 Error crawling domain www.playstation.com: non-200 status code received: 404
2024/03/26 15:44:52 Error crawling domain app15309511.appsgeyser.com: response does not look like an ads.txt file
2024/03/26 15:44:53 Error crawling domain www.wlox.com: non-200 status code received: 404
2024/03/26 15:44:53 Error crawling domain kacanggoreng007.blogspot.com: non-200 status code received: 404
2024/03/26 15:44:53 Error crawling domain www.weny.com: response does not look like an ads.txt file
2024/03/26 15:44:53 Error crawling domain help.motortrend.com: non-200 status code received: 404
2024/03/26 15:44:53 Error crawling domain ududigital.com: non-200 status code received: 404
2024/03/26 15:44:54 Error crawling domain www.metajoy.io: non-200 status code received: 404
2024/03/26 15:44:54 Error crawling domain lightcast.com: non-200 status code received: 404
2024/03/26 15:44:54 Error crawling domain danchoco.com: non-200 status code received: 404
2024/03/26 15:44:54 Error crawling domain kortv.com: non-200 status code received: 404
2024/03/26 15:44:54 Error crawling domain www.gameloft.com: non-200 status code received: 500
2024/03/26 15:44:55 Error crawling domain vestorm.com: response does not look like an ads.txt file
2024/03/26 15:44:55 Error crawling domain omnifytv: failed to fetch URL: Get "http://omnifytv/app-ads": dial tcp: lookup omnifytv on 127.0.0.53:53: server misbehaving
2024/03/26 15:44:56 Error crawling domain riderforhealth.org: non-200 status code received: 404
2024/03/26 15:44:56 Error crawling domain quickcast.tv: non-200 status code received: 404
2024/03/26 15:44:56 Error crawling domain : failed to fetch URL: Get "http:///app-ads": http: no Host in request URL
2024/03/26 15:44:56 Error crawling domain solitaire-fun.web.app: non-200 status code received: 404
2024/03/26 15:44:56 Error crawling domain www.wrdw.com: non-200 status code received: 404
2024/03/26 15:44:57 Error crawling domain futuretodayinc.com: non-200 status code received: 404
2024/03/26 15:44:57 Error crawling domain www.cbs3duluth.com: non-200 status code received: 404
2024/03/26 15:44:57 Error crawling domain ruckusfactory.com: non-200 status code received: 404
2024/03/26 15:44:57 Error crawling domain nexstar.tv: non-200 status code received: 404
2024/03/26 15:44:58 Error crawling domain www.theparkingspot.com: non-200 status code received: 404
2024/03/26 15:44:58 Error crawling domain kgw.com: non-200 status code received: 404
2024/03/26 15:44:58 Error crawling domain : failed to fetch URL: Get "http:///app-ads": http: no Host in request URL
2024/03/26 15:44:58 Error crawling domain doubledutch.me: response does not look like an ads.txt file
2024/03/26 15:44:58 Error crawling domain : failed to fetch URL: Get "http:///app-ads": http: no Host in request URL
2024/03/26 15:44:58 Error crawling domain : failed to fetch URL: Get "http:///app-ads": http: no Host in request URL
2024/03/26 15:44:58 Error crawling domain www.discovery.com: non-200 status code received: 403
2024/03/26 15:44:59 Error crawling domain www.teleformula.com.mx: response does not look like an ads.txt file
2024/03/26 15:44:59 Error crawling domain screensaver.media: non-200 status code received: 404
2024/03/26 15:44:59 Error crawling domain www.retrocrush.tv: response does not look like an ads.txt file
2024/03/26 15:44:59 Error crawling domain www.telekom.de: non-200 status code received: 404
2024/03/26 15:44:59 Error crawling domain omnify.tv: non-200 status code received: 404
2024/03/26 15:44:59 Error crawling domain rokufy.com: non-200 status code received: 404
2024/03/26 15:44:59 Error crawling domain redbox.com: non-200 status code received: 403
2024/03/26 15:44:59 Error crawling domain www.workforcesoftware.com: non-200 status code received: 404
2024/03/26 15:44:59 Error crawling domain play.works: response does not look like an ads.txt file
2024/03/26 15:45:00 Error crawling domain futuretodayinc.com: non-200 status code received: 404
2024/03/26 15:45:00 Error crawling domain pokerbankrolltracker.net: non-200 status code received: 404
2024/03/26 15:45:00 Error crawling domain wsiltv.com: non-200 status code received: 404
2024/03/26 15:45:00 Error crawling domain : failed to fetch URL: Get "http:///app-ads": http: no Host in request URL
2024/03/26 15:45:00 Error crawling domain : failed to fetch URL: Get "http:///app-ads": http: no Host in request URL
2024/03/26 15:45:00 Error crawling domain futuretodayinc.com: non-200 status code received: 404
2024/03/26 15:45:01 Error crawling domain iwanttfc.com: non-200 status code received: 404
2024/03/26 15:45:01 Error crawling domain directcaster.com: non-200 status code received: 404
2024/03/26 15:45:01 Error crawling domain subsplash.com: non-200 status code received: 404
2024/03/26 15:45:01 Error crawling domain www.ketv.com: non-200 status code received: 404
2024/03/26 15:45:01 Error crawling domain www.tvbanywherena.com: response does not look like an ads.txt file
2024/03/26 15:45:02 Error crawling domain aigames.ae: non-200 status code received: 404
2024/03/26 15:45:02 Error crawling domain pharoscode.co: non-200 status code received: 404
2024/03/26 15:45:02 Error crawling domain gynoid.life: non-200 status code received: 404
2024/03/26 15:45:02 Error crawling domain www.christianeugenio-indiegames.com: failed to fetch URL: Get "http://www.christianeugenio-indiegames.com/app-ads": dial tcp: lookup www.christianeugenio-indiegames.com on 127.0.0.53:53: no such host
2024/03/26 15:45:02 Error crawling domain ott.studio: non-200 status code received: 404
2024/03/26 15:45:02 Error crawling domain hicash.in: failed to fetch URL: Get "http://hicash.in/app-ads": dial tcp: lookup hicash.in on 127.0.0.53:53: no such host
2024/03/26 15:45:02 Error crawling domain sling.com: failed to fetch URL: Get "https://www.sling.com:443/geo-block/index.html": stopped after 3 redirects
2024/03/26 15:45:02 Error crawling domain : failed to fetch URL: Get "http:///app-ads": http: no Host in request URL
2024/03/26 15:45:02 Error crawling domain rocketcitynow.com: non-200 status code received: 404
2024/03/26 15:45:02 Error crawling domain lightcast.com: non-200 status code received: 404
2024/03/26 15:45:03 Error crawling domain lex18.com: non-200 status code received: 404
2024/03/26 15:45:03 Error crawling domain www.kkco11news.com: non-200 status code received: 404
2024/03/26 15:45:03 Error crawling domain www.nobexpartners.com: non-200 status code received: 404
2024/03/26 15:45:03 Error crawling domain fundozer.com: non-200 status code received: 404
2024/03/26 15:45:04 Error crawling domain www.fox23.com: non-200 status code received: 404
2024/03/26 15:45:04 Error crawling domain www.gessa.info: failed to fetch URL: Get "http://www.gessa.info/app-ads": context deadline exceeded (Client.Timeout exceeded while awaiting headers)
2024/03/26 15:45:04 Error crawling domain sling.com: failed to fetch URL: Get "https://www.sling.com:443/geo-block/index.html": stopped after 3 redirects
2024/03/26 15:45:04 Error crawling domain apps.nbcnews.com: non-200 status code received: 403
2024/03/26 15:45:04 Error crawling domain www.passumpsicbank.com: non-200 status code received: 404
2024/03/26 15:45:04 Error crawling domain www.cbs8.com: failed to fetch URL: Get "http://www.cbs8.com/app-ads": context deadline exceeded (Client.Timeout exceeded while awaiting headers)
2024/03/26 15:45:04 Error crawling domain lightcast.com: non-200 status code received: 404
2024/03/26 15:45:05 Error crawling domain castify.ai: non-200 status code received: 404
2024/03/26 15:45:05 Error crawling domain www.amc.com: non-200 status code received: 404
2024/03/26 15:45:05 Error crawling domain virtualvisit.bostonchildrens.org: failed to fetch URL: Get "http://virtualvisit.bostonchildrens.org/app-ads": dial tcp: lookup virtualvisit.bostonchildrens.org on 127.0.0.53:53: no such host
2024/03/26 15:45:06 Error crawling domain witn.com: non-200 status code received: 404
2024/03/26 15:45:06 Error crawling domain wonderlo.tv: non-200 status code received: 404
2024/03/26 15:45:06 Error crawling domain www.foxbusiness.com: non-200 status code received: 404
2024/03/26 15:45:06 Error crawling domain : failed to fetch URL: Get "http:///app-ads": http: no Host in request URL
2024/03/26 15:45:06 Error crawling domain lightcast.com: non-200 status code received: 404
2024/03/26 15:45:06 Error crawling domain : failed to fetch URL: Get "http:///app-ads": http: no Host in request URL
2024/03/26 15:45:06 Error crawling domain www.wymt.com: non-200 status code received: 404
2024/03/26 15:45:06 Error crawling domain hubbardbroadcasting.com: non-200 status code received: 404
2024/03/26 15:45:06 Error crawling domain help.foxbusiness.com: non-200 status code received: 404
2024/03/26 15:45:07 Error crawling domain www.wtap.com: non-200 status code received: 404
2024/03/26 15:45:07 Error crawling domain viacomcbsprivacy.com: non-200 status code received: 404
2024/03/26 15:45:07 Error crawling domain www.beldora.com.tw: non-200 status code received: 404
2024/03/26 15:45:07 Error crawling domain www.facebook.com: response does not look like an ads.txt file
2024/03/26 15:45:07 Error crawling domain : failed to fetch URL: Get "http:///app-ads": http: no Host in request URL
2024/03/26 15:45:07 Error crawling domain futuretodayinc.com: non-200 status code received: 404
2024/03/26 15:45:07 Error crawling domain : failed to fetch URL: Get "http:///app-ads": http: no Host in request URL
2024/03/26 15:45:07 Error crawling domain corporate.discovery.com: failed to fetch URL: Get "https://wbd.com/": stopped after 3 redirects
2024/03/26 15:45:07 Error crawling domain orderkaro.in: non-200 status code received: 404
2024/03/26 15:45:07 Error crawling domain support.lifetimemovieclub.com: non-200 status code received: 404
2024/03/26 15:45:07 Error crawling domain corporate.discovery.com: failed to fetch URL: Get "https://wbd.com/": stopped after 3 redirects
2024/03/26 15:45:08 Error crawling domain wptv.com: non-200 status code received: 404
2024/03/26 15:45:08 Error crawling domain sling.com: failed to fetch URL: Get "https://www.sling.com:443/geo-block/index.html": stopped after 3 redirects
2024/03/26 15:45:08 Error crawling domain www.monster-dive.com: non-200 status code received: 404
2024/03/26 15:45:08 Error crawling domain www.mutualofomahabank.com: failed to fetch URL: Get "http://www.mutualofomahabank.com/app-ads": dial tcp: lookup www.mutualofomahabank.com on 127.0.0.53:53: no such host
2024/03/26 15:45:08 Error crawling domain ruckusfactory.com: non-200 status code received: 404
2024/03/26 15:45:09 Error crawling domain clipmeupmedia.com: non-200 status code received: 404
2024/03/26 15:45:09 Error crawling domain wisedigital.media: non-200 status code received: 404
2024/03/26 15:45:09 Error crawling domain m.metlife.com: response does not look like an ads.txt file
2024/03/26 15:45:09 Error crawling domain www.wsbtv.com: response does not look like an ads.txt file
2024/03/26 15:45:09 Error crawling domain app16623630.appsgeyser.com: response does not look like an ads.txt file
2024/03/26 15:45:10 Error crawling domain adviddo.com: non-200 status code received: 404
2024/03/26 15:45:10 Error crawling domain : failed to fetch URL: Get "http:///app-ads": http: no Host in request URL
2024/03/26 15:45:10 Error crawling domain www.viki.com: non-200 status code received: 404
2024/03/26 15:45:10 Error crawling domain www.comettv.com: non-200 status code received: 404
2024/03/26 15:45:11 Error crawling domain techandcareer.com: non-200 status code received: 404
2024/03/26 15:45:11 Error crawling domain www.mtv.com: non-200 status code received: 404
2024/03/26 15:45:11 Error crawling domain cheddar.com: non-200 status code received: 404
2024/03/26 15:45:11 Error crawling domain www.wral.com: response does not look like an ads.txt file
2024/03/26 15:45:11 Error crawling domain info.xumo.com: non-200 status code received: 404
2024/03/26 15:45:11 Error crawling domain kmvt.com: non-200 status code received: 404
2024/03/26 15:45:11 Error crawling domain www.lightcast.com: non-200 status code received: 404
2024/03/26 15:45:12 Error crawling domain instanttvchannel.com: response does not look like an ads.txt file
2024/03/26 15:45:12 Error crawling domain www.noxgroup.com: response does not look like an ads.txt file
2024/03/26 15:45:12 Error crawling domain wisedigital.media: non-200 status code received: 404
2024/03/26 15:45:12 Error crawling domain futuretodayinc.com: non-200 status code received: 404
2024/03/26 15:45:13 Error crawling domain lightcast.com: non-200 status code received: 404
2024/03/26 15:45:13 Error crawling domain : failed to fetch URL: Get "http:///app-ads": http: no Host in request URL
2024/03/26 15:45:14 Error crawling domain www.blackhillsfox.com: non-200 status code received: 404
2024/03/26 15:45:14 Error crawling domain kttc.com: non-200 status code received: 404
2024/03/26 15:45:14 Error crawling domain : failed to fetch URL: Get "http:///app-ads": http: no Host in request URL
2024/03/26 15:45:14 Error crawling domain sootix.tv: non-200 status code received: 404
2024/03/26 15:45:14 Error crawling domain powercam.wondershare.cn: failed to fetch URL: Get "http://powercam.wondershare.cn/app-ads": dial tcp: lookup powercam.wondershare.cn on 127.0.0.53:53: no such host
2024/03/26 15:45:14 Error crawling domain marschannels.com: non-200 status code received: 404
2024/03/26 15:45:14 Error crawling domain www.fubo.tv: response does not look like an ads.txt file
2024/03/26 15:45:15 Error crawling domain v2rstd.blogspot.com: non-200 status code received: 404
2024/03/26 15:45:15 Error crawling domain megadilla.co: non-200 status code received: 404
2024/03/26 15:45:15 Error crawling domain kweli.tv: non-200 status code received: 404
2024/03/26 15:45:15 Error crawling domain zankmai.blogspot.com: non-200 status code received: 404
2024/03/26 15:45:15 Error crawling domain : failed to fetch URL: Get "http:///app-ads": http: no Host in request URL
2024/03/26 15:45:15 Error crawling domain directcaster.com: non-200 status code received: 404
2024/03/26 15:45:15 Error crawling domain limitlesstvstudios.com: non-200 status code received: 404
2024/03/26 15:45:15 Error crawling domain grocerytv.com: non-200 status code received: 404
2024/03/26 15:45:15 Error crawling domain futuretodayinc.com: non-200 status code received: 404
2024/03/26 15:45:15 Error crawling domain ruckusfactory.com: non-200 status code received: 404
2024/03/26 15:45:15 Error crawling domain : failed to fetch URL: Get "http:///app-ads": http: no Host in request URL
2024/03/26 15:45:16 Error crawling domain stremium.com: non-200 status code received: 404
2024/03/26 15:45:16 Error crawling domain nbc.com: non-200 status code received: 503
2024/03/26 15:45:17 Error crawling domain goapphelp.discovery.com: non-200 status code received: 404
2024/03/26 15:45:17 Error crawling domain www.pixelberrystudios.com: non-200 status code received: 404
2024/03/26 15:45:17 Error crawling domain fox43.com: non-200 status code received: 404
2024/03/26 15:45:17 Error crawling domain peacocktv.com: response does not look like an ads.txt file
2024/03/26 15:45:17 Error crawling domain help.tubitv.com: response does not look like an ads.txt file
2024/03/26 15:45:17 Error crawling domain lightcast.com: non-200 status code received: 404
2024/03/26 15:45:18 Error crawling domain futuretodayinc.com: non-200 status code received: 404
2024/03/26 15:45:18 Error crawling domain wtva.com: non-200 status code received: 404
2024/03/26 15:45:18 Error crawling domain futuretodayinc.com: non-200 status code received: 404
2024/03/26 15:45:18 Error crawling domain : failed to fetch URL: Get "http:///app-ads": http: no Host in request URL
2024/03/26 15:45:19 Error crawling domain www.dovechannel.com: response does not look like an ads.txt file
2024/03/26 15:45:19 Error crawling domain my-cast.tv: non-200 status code received: 404
2024/03/26 15:45:19 Error crawling domain pharoscode.co: non-200 status code received: 404
2024/03/26 15:45:19 Error crawling domain ruckusfactory.com: non-200 status code received: 404
2024/03/26 15:45:19 Error crawling domain tap-nation.io: non-200 status code received: 404
2024/03/26 15:45:20 Error crawling domain disneyprivacycenter.com: failed to fetch URL: Get "https://privacy.thewaltdisneycompany.com/en/": stopped after 3 redirects
2024/03/26 15:45:20 Error crawling domain www.wkyt.com: non-200 status code received: 404
2024/03/26 15:45:20 Error crawling domain www.futuretodayinc.com: non-200 status code received: 404
2024/03/26 15:45:20 Error crawling domain www.turnto23.com: non-200 status code received: 404
2024/03/26 15:45:20 Error crawling domain www.tapcolorstudio.com: non-200 status code received: 404
2024/03/26 15:45:20 Error crawling domain sling.com: failed to fetch URL: Get "https://www.sling.com:443/geo-block/index.html": stopped after 3 redirects
2024/03/26 15:45:20 Error crawling domain oann.com: non-200 status code received: 404
2024/03/26 15:45:20 Error crawling domain www.journynow.com: non-200 status code received: 404
2024/03/26 15:45:20 Error crawling domain samsungtvplus.com: failed to fetch URL: Get "https://www.samsung.com/in/tvs/smart-tv/samsung-tv-plus/": stopped after 3 redirects
2024/03/26 15:45:20 Error crawling domain newschannel10.com: non-200 status code received: 404
2024/03/26 15:45:20 Error crawling domain www.customaticbeds.com: non-200 status code received: 404
2024/03/26 15:45:21 Error crawling domain www.pgshomeloans.com: non-200 status code received: 404
2024/03/26 15:45:21 Error crawling domain futuretodayinc.com: non-200 status code received: 404
2024/03/26 15:45:21 Error crawling domain www.leisureworldcork.com: non-200 status code received: 404
2024/03/26 15:45:21 Error crawling domain www.wtoc.com: non-200 status code received: 404
2024/03/26 15:45:21 Error crawling domain chess-prince.com: non-200 status code received: 403
2024/03/26 15:45:22 Error crawling domain privacy.paramount.com: non-200 status code received: 404
2024/03/26 15:45:22 Error crawling domain help.tubitv.com: response does not look like an ads.txt file
2024/03/26 15:45:23 Error crawling domain atagamesio.web.app: response does not look like an ads.txt file
2024/03/26 15:45:23 Error crawling domain www.fantasyword.online: non-200 status code received: 404
2024/03/26 15:45:23 Error crawling domain futuretodayinc.com: non-200 status code received: 404
2024/03/26 15:45:23 Error crawling domain www.kxii.com: non-200 status code received: 404
2024/03/26 15:45:23 Error crawling domain www.rover.com: non-200 status code received: 403
2024/03/26 15:45:23 Error crawling domain kttc.com: non-200 status code received: 404
2024/03/26 15:45:24 Error crawling domain estrellamedia.com: non-200 status code received: 404
2024/03/26 15:45:25 Error crawling domain lightcast.com: non-200 status code received: 404
2024/03/26 15:46:28 Data written to app-ads_txt_domains.txt successfully.
2024/03/26 15:46:29 Error crawling domain cbsinteractive.com: response does not look like an ads.txt file
2024/03/26 15:46:29 Error crawling domain www.wizardgames.ca: non-200 status code received: 404
2024/03/26 15:46:29 Error crawling domain h5.baechat.my: response does not look like an ads.txt file
2024/03/26 15:46:29 Error crawling domain asynctv.com: non-200 status code received: 404
2024/03/26 15:46:29 Error crawling domain aastudio.org: non-200 status code received: 404
2024/03/26 15:46:29 Error crawling domain www.rocket2-vpn.top: non-200 status code received: 404
2024/03/26 15:46:29 Error crawling domain play.works: response does not look like an ads.txt file
2024/03/26 15:46:29 Error crawling domain venevision.univtec.com: response does not look like an ads.txt file
2024/03/26 15:46:29 Error crawling domain wesdreamer.homes: non-200 status code received: 404
2024/03/26 15:46:30 Error crawling domain pluto.tv: failed to fetch URL: Get "/something-went-wrong": stopped after 3 redirects
2024/03/26 15:46:30 Error crawling domain futuretodayinc.com: non-200 status code received: 404
2024/03/26 15:46:30 Error crawling domain : failed to fetch URL: Get "http:///app-ads": http: no Host in request URL
2024/03/26 15:46:30 Error crawling domain : failed to fetch URL: Get "http:///app-ads": http: no Host in request URL
2024/03/26 15:46:30 Error crawling domain www.kcbd.com: non-200 status code received: 404
2024/03/26 15:46:32 Error crawling domain goapphelp.discovery.com: non-200 status code received: 404
2024/03/26 15:46:33 Error crawling domain thv11.com: non-200 status code received: 404
2024/03/26 15:46:34 Error crawling domain biblediscoverytv.com: non-200 status code received: 502
2024/03/26 15:46:34 Error crawling domain futuretodayinc.com: non-200 status code received: 404
2024/03/26 15:46:34 Error crawling domain westernmassnews.com: non-200 status code received: 404
2024/03/26 15:46:34 Error crawling domain www.inspiredsquare.com: non-200 status code received: 404
2024/03/26 15:46:34 Error crawling domain tbs.com: failed to fetch URL: Get "https://www.international.tbs.com/": stopped after 3 redirects
2024/03/26 15:46:34 Error crawling domain zeasn.com: non-200 status code received: 404
2024/03/26 15:46:36 Error crawling domain futuretodayinc.com: non-200 status code received: 404
2024/03/26 15:46:36 Error crawling domain badge-scanner.com: response does not look like an ads.txt file
2024/03/26 15:46:36 Error crawling domain www.enni.de: non-200 status code received: 404
2024/03/26 15:46:36 Error crawling domain : failed to fetch URL: Get "http:///app-ads": http: no Host in request URL
2024/03/26 15:46:36 Error crawling domain mattmoores.com: non-200 status code received: 404
2024/03/26 15:46:36 Error crawling domain downloader.easylife.studio: non-200 status code received: 404
2024/03/26 15:46:36 Error crawling domain www.kezi.com: non-200 status code received: 404
2024/03/26 15:46:36 Error crawling domain phoenixentertainment.org: non-200 status code received: 404
2024/03/26 15:46:36 Error crawling domain : failed to fetch URL: Get "http:///app-ads": http: no Host in request URL
2024/03/26 15:46:36 Error crawling domain 5newsonline.com: non-200 status code received: 404
2024/03/26 15:46:36 Error crawling domain castify.ai: non-200 status code received: 404
2024/03/26 15:46:37 Error crawling domain hduofungames.com: non-200 status code received: 404
2024/03/26 15:46:37 Error crawling domain www.crystalite.org: non-200 status code received: 404
2024/03/26 15:46:37 Error crawling domain www.playstation.com: non-200 status code received: 404
2024/03/26 15:46:37 Error crawling domain : failed to fetch URL: Get "http:///app-ads": http: no Host in request URL
2024/03/26 15:46:37 Error crawling domain amctv.com: non-200 status code received: 404
2024/03/26 15:46:37 Error crawling domain play.works: response does not look like an ads.txt file
2024/03/26 15:46:37 Error crawling domain vlogbox.com: non-200 status code received: 404
2024/03/26 15:46:37 Error crawling domain cas.ai: non-200 status code received: 404
2024/03/26 15:46:38 Error crawling domain 13wmaz.com: non-200 status code received: 404
2024/03/26 15:46:38 Error crawling domain www.weny.com: response does not look like an ads.txt file
2024/03/26 15:46:38 Error crawling domain pharoscode.co: non-200 status code received: 404
2024/03/26 15:46:38 Error crawling domain www.wlox.com: non-200 status code received: 404
2024/03/26 15:46:38 Error crawling domain omnify.tv: non-200 status code received: 404
2024/03/26 15:46:39 Error crawling domain josdl.com: failed to fetch URL: Get "http://josdl.com/app-ads": dial tcp: lookup josdl.com on 127.0.0.53:53: read udp 127.0.0.1:60144->127.0.0.53:53: i/o timeout
2024/03/26 15:46:39 Error crawling domain app15309511.appsgeyser.com: response does not look like an ads.txt file
2024/03/26 15:46:39 Error crawling domain app16330123.appsgeyser.com: response does not look like an ads.txt file
2024/03/26 15:46:39 Error crawling domain ududigital.com: non-200 status code received: 404
2024/03/26 15:46:40 Error crawling domain kacanggoreng007.blogspot.com: non-200 status code received: 404
2024/03/26 15:46:40 Error crawling domain help.motortrend.com: non-200 status code received: 404
2024/03/26 15:46:40 Error crawling domain www.wrdw.com: non-200 status code received: 404
2024/03/26 15:46:40 Error crawling domain lightcast.com: non-200 status code received: 404
2024/03/26 15:46:40 Error crawling domain kortv.com: non-200 status code received: 404
2024/03/26 15:46:41 Error crawling domain www.cbs3duluth.com: non-200 status code received: 404
2024/03/26 15:46:41 Error crawling domain vestorm.com: response does not look like an ads.txt file
2024/03/26 15:46:41 Error crawling domain danchoco.com: non-200 status code received: 404
2024/03/26 15:46:41 Error crawling domain quickcast.tv: non-200 status code received: 404
2024/03/26 15:46:41 Error crawling domain omnifytv: failed to fetch URL: Get "http://omnifytv/app-ads": dial tcp: lookup omnifytv on 127.0.0.53:53: server misbehaving
2024/03/26 15:46:42 Error crawling domain riderforhealth.org: non-200 status code received: 404
2024/03/26 15:46:42 Error crawling domain www.gameloft.com: non-200 status code received: 500
2024/03/26 15:46:42 Error crawling domain : failed to fetch URL: Get "http:///app-ads": http: no Host in request URL
2024/03/26 15:46:43 Error crawling domain solitaire-fun.web.app: non-200 status code received: 404
2024/03/26 15:46:43 Error crawling domain futuretodayinc.com: non-200 status code received: 404
2024/03/26 15:46:43 Error crawling domain www.metajoy.io: non-200 status code received: 404
2024/03/26 15:46:43 Error crawling domain ruckusfactory.com: non-200 status code received: 404
2024/03/26 15:46:43 Error crawling domain nexstar.tv: non-200 status code received: 404
2024/03/26 15:46:43 Error crawling domain www.workforcesoftware.com: non-200 status code received: 404
2024/03/26 15:46:44 Error crawling domain www.theparkingspot.com: non-200 status code received: 404
2024/03/26 15:46:44 Error crawling domain doubledutch.me: response does not look like an ads.txt file
2024/03/26 15:46:44 Error crawling domain : failed to fetch URL: Get "http:///app-ads": http: no Host in request URL
2024/03/26 15:46:44 Error crawling domain : failed to fetch URL: Get "http:///app-ads": http: no Host in request URL
2024/03/26 15:46:44 Error crawling domain : failed to fetch URL: Get "http:///app-ads": http: no Host in request URL
2024/03/26 15:46:44 Error crawling domain www.discovery.com: non-200 status code received: 403
2024/03/26 15:46:44 Error crawling domain screensaver.media: non-200 status code received: 404
2024/03/26 15:46:44 Error crawling domain kgw.com: non-200 status code received: 404
2024/03/26 15:46:45 Error crawling domain www.retrocrush.tv: response does not look like an ads.txt file
2024/03/26 15:46:45 Error crawling domain rokufy.com: non-200 status code received: 404
2024/03/26 15:46:45 Error crawling domain omnify.tv: non-200 status code received: 404
2024/03/26 15:46:46 Error crawling domain redbox.com: non-200 status code received: 403
2024/03/26 15:46:46 Error crawling domain www.teleformula.com.mx: response does not look like an ads.txt file
2024/03/26 15:46:47 Error crawling domain directcaster.com: non-200 status code received: 404
2024/03/26 15:46:47 Error crawling domain play.works: response does not look like an ads.txt file
2024/03/26 15:46:47 Error crawling domain futuretodayinc.com: non-200 status code received: 404
2024/03/26 15:46:47 Error crawling domain wsiltv.com: non-200 status code received: 404
2024/03/26 15:46:47 Error crawling domain pokerbankrolltracker.net: non-200 status code received: 404
2024/03/26 15:46:47 Error crawling domain : failed to fetch URL: Get "http:///app-ads": http: no Host in request URL
2024/03/26 15:46:47 Error crawling domain : failed to fetch URL: Get "http:///app-ads": http: no Host in request URL
2024/03/26 15:46:47 Error crawling domain iwanttfc.com: non-200 status code received: 404
2024/03/26 15:46:47 Error crawling domain sling.com: failed to fetch URL: Get "https://www.sling.com:443/geo-block/index.html": stopped after 3 redirects
2024/03/26 15:46:48 Error crawling domain www.ketv.com: non-200 status code received: 404
2024/03/26 15:46:48 Error crawling domain subsplash.com: non-200 status code received: 404
2024/03/26 15:46:48 Error crawling domain www.telekom.de: non-200 status code received: 404
2024/03/26 15:46:48 Error crawling domain futuretodayinc.com: non-200 status code received: 404
2024/03/26 15:46:48 Error crawling domain pharoscode.co: non-200 status code received: 404
2024/03/26 15:46:48 Error crawling domain www.tvbanywherena.com: response does not look like an ads.txt file
2024/03/26 15:46:48 Error crawling domain gynoid.life: non-200 status code received: 404
2024/03/26 15:46:48 Error crawling domain www.christianeugenio-indiegames.com: failed to fetch URL: Get "http://www.christianeugenio-indiegames.com/app-ads": dial tcp: lookup www.christianeugenio-indiegames.com on 127.0.0.53:53: no such host
2024/03/26 15:46:48 Error crawling domain hicash.in: failed to fetch URL: Get "http://hicash.in/app-ads": dial tcp: lookup hicash.in on 127.0.0.53:53: no such host
2024/03/26 15:46:48 Error crawling domain www.kkco11news.com: non-200 status code received: 404
2024/03/26 15:46:49 Error crawling domain : failed to fetch URL: Get "http:///app-ads": http: no Host in request URL
2024/03/26 15:46:49 Error crawling domain www.nobexpartners.com: non-200 status code received: 404
2024/03/26 15:46:49 Error crawling domain aigames.ae: non-200 status code received: 404
2024/03/26 15:46:49 Error crawling domain lightcast.com: non-200 status code received: 404
2024/03/26 15:46:50 Error crawling domain lex18.com: non-200 status code received: 404
2024/03/26 15:46:50 Error crawling domain ott.studio: non-200 status code received: 404
2024/03/26 15:46:50 Error crawling domain www.fox23.com: non-200 status code received: 404
2024/03/26 15:46:51 Error crawling domain rocketcitynow.com: non-200 status code received: 404
2024/03/26 15:46:51 Error crawling domain fundozer.com: non-200 status code received: 404
2024/03/26 15:46:51 Error crawling domain sling.com: failed to fetch URL: Get "https://www.sling.com:443/geo-block/index.html": stopped after 3 redirects
2024/03/26 15:46:51 Error crawling domain lightcast.com: non-200 status code received: 404
2024/03/26 15:46:51 Error crawling domain www.gessa.info: failed to fetch URL: Get "http://www.gessa.info/app-ads": context deadline exceeded (Client.Timeout exceeded while awaiting headers)
2024/03/26 15:46:52 Error crawling domain apps.nbcnews.com: non-200 status code received: 403
2024/03/26 15:46:52 Error crawling domain witn.com: non-200 status code received: 404
2024/03/26 15:46:52 Error crawling domain www.cbs8.com: failed to fetch URL: Get "http://www.cbs8.com/app-ads": context deadline exceeded (Client.Timeout exceeded while awaiting headers)
2024/03/26 15:46:52 Error crawling domain www.passumpsicbank.com: non-200 status code received: 404
2024/03/26 15:46:52 Error crawling domain castify.ai: non-200 status code received: 404
2024/03/26 15:46:52 Error crawling domain virtualvisit.bostonchildrens.org: failed to fetch URL: Get "http://virtualvisit.bostonchildrens.org/app-ads": dial tcp: lookup virtualvisit.bostonchildrens.org on 127.0.0.53:53: no such host
2024/03/26 15:46:53 Error crawling domain hubbardbroadcasting.com: non-200 status code received: 404
2024/03/26 15:46:53 Error crawling domain wonderlo.tv: non-200 status code received: 404
2024/03/26 15:46:53 Error crawling domain www.wymt.com: non-200 status code received: 404
2024/03/26 15:46:53 Error crawling domain www.amc.com: non-200 status code received: 404
2024/03/26 15:46:53 Error crawling domain : failed to fetch URL: Get "http:///app-ads": http: no Host in request URL
2024/03/26 15:46:53 Error crawling domain : failed to fetch URL: Get "http:///app-ads": http: no Host in request URL
2024/03/26 15:46:53 Error crawling domain www.foxbusiness.com: non-200 status code received: 404
2024/03/26 15:46:53 Error crawling domain lightcast.com: non-200 status code received: 404
2024/03/26 15:46:53 Error crawling domain www.facebook.com: response does not look like an ads.txt file
2024/03/26 15:46:54 Error crawling domain help.foxbusiness.com: non-200 status code received: 404
2024/03/26 15:46:54 Error crawling domain www.beldora.com.tw: non-200 status code received: 404
2024/03/26 15:46:54 Error crawling domain wptv.com: non-200 status code received: 404
2024/03/26 15:46:54 Error crawling domain viacomcbsprivacy.com: non-200 status code received: 404
2024/03/26 15:46:54 Error crawling domain : failed to fetch URL: Get "http:///app-ads": http: no Host in request URL
2024/03/26 15:46:54 Error crawling domain orderkaro.in: non-200 status code received: 404
2024/03/26 15:46:54 Error crawling domain : failed to fetch URL: Get "http:///app-ads": http: no Host in request URL
2024/03/26 15:46:54 Error crawling domain www.wtap.com: non-200 status code received: 404
2024/03/26 15:46:54 Error crawling domain futuretodayinc.com: non-200 status code received: 404
2024/03/26 15:46:54 Error crawling domain support.lifetimemovieclub.com: non-200 status code received: 404
2024/03/26 15:46:54 Error crawling domain m.metlife.com: response does not look like an ads.txt file
2024/03/26 15:46:54 Error crawling domain sling.com: failed to fetch URL: Get "https://www.sling.com:443/geo-block/index.html": stopped after 3 redirects
2024/03/26 15:46:54 Error crawling domain corporate.discovery.com: failed to fetch URL: Get "https://wbd.com/": stopped after 3 redirects
2024/03/26 15:46:54 Error crawling domain corporate.discovery.com: failed to fetch URL: Get "https://wbd.com/": stopped after 3 redirects
2024/03/26 15:46:55 Error crawling domain clipmeupmedia.com: non-200 status code received: 404
2024/03/26 15:46:55 Error crawling domain ruckusfactory.com: non-200 status code received: 404
2024/03/26 15:46:55 Error crawling domain www.mutualofomahabank.com: failed to fetch URL: Get "http://www.mutualofomahabank.com/app-ads": dial tcp: lookup www.mutualofomahabank.com on 127.0.0.53:53: no such host
2024/03/26 15:46:55 Error crawling domain wisedigital.media: non-200 status code received: 404
2024/03/26 15:46:55 Error crawling domain www.wsbtv.com: response does not look like an ads.txt file
2024/03/26 15:46:55 Error crawling domain adviddo.com: non-200 status code received: 404
2024/03/26 15:46:56 Error crawling domain app16623630.appsgeyser.com: response does not look like an ads.txt file
2024/03/26 15:46:56 Error crawling domain : failed to fetch URL: Get "http:///app-ads": http: no Host in request URL
2024/03/26 15:46:56 Error crawling domain www.monster-dive.com: non-200 status code received: 404
2024/03/26 15:46:57 Error crawling domain www.comettv.com: non-200 status code received: 404
2024/03/26 15:46:57 Error crawling domain kmvt.com: non-200 status code received: 404
2024/03/26 15:46:57 Error crawling domain cheddar.com: non-200 status code received: 404
2024/03/26 15:46:57 Error crawling domain www.viki.com: non-200 status code received: 404
2024/03/26 15:46:58 Error crawling domain info.xumo.com: non-200 status code received: 404
2024/03/26 15:46:58 Error crawling domain www.lightcast.com: non-200 status code received: 404
2024/03/26 15:46:58 Error crawling domain kttc.com: non-200 status code received: 404
2024/03/26 15:46:59 Error crawling domain techandcareer.com: non-200 status code received: 404
2024/03/26 15:46:59 Error crawling domain www.mtv.com: non-200 status code received: 404
2024/03/26 15:46:59 Error crawling domain www.wral.com: response does not look like an ads.txt file
2024/03/26 15:46:59 Error crawling domain www.blackhillsfox.com: non-200 status code received: 404
2024/03/26 15:46:59 Error crawling domain instanttvchannel.com: response does not look like an ads.txt file
2024/03/26 15:46:59 Error crawling domain wisedigital.media: non-200 status code received: 404
2024/03/26 15:47:00 Error crawling domain www.fubo.tv: response does not look like an ads.txt file
2024/03/26 15:47:00 Error crawling domain lightcast.com: non-200 status code received: 404
2024/03/26 15:47:00 Error crawling domain : failed to fetch URL: Get "http:///app-ads": http: no Host in request URL
2024/03/26 15:47:01 Error crawling domain futuretodayinc.com: non-200 status code received: 404
2024/03/26 15:47:01 Error crawling domain : failed to fetch URL: Get "http:///app-ads": http: no Host in request URL
2024/03/26 15:47:01 Error crawling domain powercam.wondershare.cn: failed to fetch URL: Get "http://powercam.wondershare.cn/app-ads": dial tcp: lookup powercam.wondershare.cn on 127.0.0.53:53: no such host
2024/03/26 15:47:02 Error crawling domain zankmai.blogspot.com: non-200 status code received: 404
2024/03/26 15:47:02 Error crawling domain sootix.tv: non-200 status code received: 404
2024/03/26 15:47:02 Error crawling domain directcaster.com: non-200 status code received: 404
2024/03/26 15:47:02 Error crawling domain www.noxgroup.com: response does not look like an ads.txt file
2024/03/26 15:47:02 Error crawling domain marschannels.com: non-200 status code received: 404
2024/03/26 15:47:02 Error crawling domain limitlesstvstudios.com: non-200 status code received: 404
2024/03/26 15:47:02 Error crawling domain megadilla.co: non-200 status code received: 404
2024/03/26 15:47:02 Error crawling domain : failed to fetch URL: Get "http:///app-ads": http: no Host in request URL
2024/03/26 15:47:03 Error crawling domain kweli.tv: non-200 status code received: 404
2024/03/26 15:47:03 Error crawling domain ruckusfactory.com: non-200 status code received: 404
2024/03/26 15:47:03 Error crawling domain futuretodayinc.com: non-200 status code received: 404
2024/03/26 15:47:03 Error crawling domain grocerytv.com: non-200 status code received: 404
2024/03/26 15:47:03 Error crawling domain v2rstd.blogspot.com: non-200 status code received: 404
2024/03/26 15:47:03 Error crawling domain : failed to fetch URL: Get "http:///app-ads": http: no Host in request URL
2024/03/26 15:47:03 Error crawling domain peacocktv.com: response does not look like an ads.txt file
2024/03/26 15:47:04 Error crawling domain oann.com: non-200 status code received: 404
2024/03/26 15:47:04 Error crawling domain www.pixelberrystudios.com: non-200 status code received: 404
2024/03/26 15:47:04 Error crawling domain stremium.com: non-200 status code received: 404
2024/03/26 15:47:04 Error crawling domain goapphelp.discovery.com: non-200 status code received: 404
2024/03/26 15:47:04 Error crawling domain fox43.com: non-200 status code received: 404
2024/03/26 15:47:04 Error crawling domain lightcast.com: non-200 status code received: 404
2024/03/26 15:47:05 Error crawling domain help.tubitv.com: response does not look like an ads.txt file
2024/03/26 15:47:05 Error crawling domain wtva.com: non-200 status code received: 404
2024/03/26 15:47:05 Error crawling domain futuretodayinc.com: non-200 status code received: 404
2024/03/26 15:47:06 Error crawling domain www.dovechannel.com: response does not look like an ads.txt file
2024/03/26 15:47:06 Error crawling domain : failed to fetch URL: Get "http:///app-ads": http: no Host in request URL
2024/03/26 15:47:06 Error crawling domain my-cast.tv: non-200 status code received: 404
2024/03/26 15:47:06 Error crawling domain pharoscode.co: non-200 status code received: 404
2024/03/26 15:47:06 Error crawling domain www.wkyt.com: non-200 status code received: 404
2024/03/26 15:47:06 Error crawling domain futuretodayinc.com: non-200 status code received: 404
2024/03/26 15:47:06 Error crawling domain ruckusfactory.com: non-200 status code received: 404
2024/03/26 15:47:06 Error crawling domain disneyprivacycenter.com: failed to fetch URL: Get "https://privacy.thewaltdisneycompany.com/en/": stopped after 3 redirects
2024/03/26 15:47:07 Error crawling domain www.tapcolorstudio.com: non-200 status code received: 404
2024/03/26 15:47:07 Error crawling domain www.turnto23.com: non-200 status code received: 404
2024/03/26 15:47:07 Error crawling domain www.futuretodayinc.com: non-200 status code received: 404
2024/03/26 15:47:07 Error crawling domain sling.com: failed to fetch URL: Get "https://www.sling.com:443/geo-block/index.html": stopped after 3 redirects
2024/03/26 15:47:07 Error crawling domain www.leisureworldcork.com: non-200 status code received: 404
2024/03/26 15:47:07 Error crawling domain newschannel10.com: non-200 status code received: 404
2024/03/26 15:47:08 Error crawling domain www.journynow.com: non-200 status code received: 404
2024/03/26 15:47:08 Error crawling domain samsungtvplus.com: failed to fetch URL: Get "https://www.samsung.com/in/tvs/smart-tv/samsung-tv-plus/": stopped after 3 redirects
2024/03/26 15:47:08 Error crawling domain tap-nation.io: non-200 status code received: 404
2024/03/26 15:47:08 Error crawling domain www.pgshomeloans.com: non-200 status code received: 404
2024/03/26 15:47:08 Error crawling domain www.wtoc.com: non-200 status code received: 404
2024/03/26 15:47:08 Error crawling domain www.customaticbeds.com: non-200 status code received: 404
2024/03/26 15:47:08 Error crawling domain futuretodayinc.com: non-200 status code received: 404
2024/03/26 15:47:08 Error crawling domain lightcast.com: non-200 status code received: 404
2024/03/26 15:47:09 Error crawling domain help.tubitv.com: response does not look like an ads.txt file
2024/03/26 15:47:09 Error crawling domain nbc.com: non-200 status code received: 503
2024/03/26 15:47:09 Error crawling domain chess-prince.com: non-200 status code received: 403
2024/03/26 15:47:09 Error crawling domain futuretodayinc.com: non-200 status code received: 404
2024/03/26 15:47:09 Error crawling domain www.mapfre.com: non-200 status code received: 404
2024/03/26 15:47:10 Error crawling domain privacy.paramount.com: non-200 status code received: 404
2024/03/26 15:47:10 Error crawling domain estrellamedia.com: non-200 status code received: 404
2024/03/26 15:47:10 Error crawling domain www.fantasyword.online: non-200 status code received: 404
2024/03/26 15:47:10 Error crawling domain www.fox4now.com: non-200 status code received: 404
2024/03/26 15:47:10 Error crawling domain wwnytv.com: non-200 status code received: 404
2024/03/26 15:47:10 Error crawling domain kttc.com: non-200 status code received: 404
2024/03/26 15:47:10 Error crawling domain desigdeveloper.blogspot.com: non-200 status code received: 404
2024/03/26 15:47:10 Error crawling domain www.nobexrc.com: non-200 status code received: 404
2024/03/26 15:47:11 Error crawling domain walkin-corp.com: non-200 status code received: 404
2024/03/26 15:47:11 Error crawling domain ruckusfactory.com: non-200 status code received: 404
2024/03/26 15:47:11 Error crawling domain www.rover.com: non-200 status code received: 403
2024/03/26 15:47:11 Error crawling domain mvstream.site: non-200 status code received: 404
2024/03/26 15:47:11 Error crawling domain www.kxii.com: non-200 status code received: 404
2024/03/26 15:47:12 Error crawling domain playertvlive.blogspot.com: non-200 status code received: 404
2024/03/26 15:47:12 Error crawling domain atagamesio.web.app: response does not look like an ads.txt file
2024/03/26 15:47:12 Error crawling domain www.foodnetwork.com: non-200 status code received: 403
2024/03/26 15:47:12 Error crawling domain nfoody-dac26.web.app: non-200 status code received: 404
2024/03/26 15:47:12 Error crawling domain futuretodayinc.com: non-200 status code received: 404
2024/03/26 15:47:12 Error crawling domain intellectokids.com: non-200 status code received: 404
2024/03/26 15:47:12 Error crawling domain vcraftmodsstudio.github.io: non-200 status code received: 404
2024/03/26 15:47:13 Error crawling domain newson.us: non-200 status code received: 404
2024/03/26 15:47:13 Error crawling domain omnify.tv: non-200 status code received: 404
2024/03/26 15:47:13 Error crawling domain getterms.io: non-200 status code received: 404
2024/03/26 15:47:13 Error crawling domain www.viki.com: non-200 status code received: 404
2024/03/26 15:47:13 Error crawling domain : failed to fetch URL: Get "http:///app-ads": http: no Host in request URL
2024/03/26 15:47:14 Error crawling domain www.bittorrent.com: non-200 status code received: 404
2024/03/26 15:47:14 Error crawling domain krtv.com: non-200 status code received: 404
2024/03/26 15:47:14 Error crawling domain www.vuit.com: non-200 status code received: 404
2024/03/26 15:47:14 Error crawling domain www.wafb.com: non-200 status code received: 404
2024/03/26 15:47:14 Error crawling domain www.wcjb.com: non-200 status code received: 404
2024/03/26 15:47:14 Error crawling domain asobu.tv: failed to fetch URL: Get "http://asobu.tv/app-ads": dial tcp: lookup asobu.tv on 127.0.0.53:53: no such host
2024/03/26 15:47:14 Error crawling domain : failed to fetch URL: Get "http:///app-ads": http: no Host in request URL
2024/03/26 15:47:15 Error crawling domain www.guideline.com: non-200 status code received: 403
2024/03/26 15:47:15 Error crawling domain cbs3duluth.com: non-200 status code received: 404
2024/03/26 15:47:15 Error crawling domain www.wtxl.com: non-200 status code received: 404
2024/03/26 15:47:15 Error crawling domain : failed to fetch URL: Get "http:///app-ads": http: no Host in request URL
2024/03/26 15:47:16 Error crawling domain munizlab.blogspot.com: non-200 status code received: 404
2024/03/26 15:47:16 Error crawling domain play.works: response does not look like an ads.txt file
2024/03/26 15:47:16 Error crawling domain repelishd.me: non-200 status code received: 500
2024/03/26 15:47:17 Error crawling domain www.popcornflix.com: response does not look like an ads.txt file
2024/03/26 15:47:17 Error crawling domain www.sciencechannel.com: response does not look like an ads.txt file
2024/03/26 15:47:17 Error crawling domain nirgunp.github.io: non-200 status code received: 404
2024/03/26 15:47:17 Error crawling domain powr.com: non-200 status code received: 404
2024/03/26 15:47:17 Error crawling domain www.wwnytv.com: non-200 status code received: 404
2024/03/26 15:47:18 Error crawling domain americasvoicenews.com: non-200 status code received: 404
2024/03/26 15:47:18 Error crawling domain www.facebook.com: response does not look like an ads.txt file
2024/03/26 15:47:18 Error crawling domain stuffwelike.com: non-200 status code received: 404
2024/03/26 15:47:18 Error crawling domain www.app99.it: non-200 status code received: 404
2024/03/26 15:47:18 Error crawling domain www.clickorlando.com: non-200 status code received: 404
2024/03/26 15:47:18 Error crawling domain : failed to fetch URL: Get "http:///app-ads": http: no Host in request URL
2024/03/26 15:47:18 Error crawling domain play.works: response does not look like an ads.txt file
2024/03/26 15:47:18 Error crawling domain www.wibw.com: non-200 status code received: 404
2024/03/26 15:47:18 Error crawling domain phoenixentertainment.org: non-200 status code received: 404
2024/03/26 15:47:18 Error crawling domain showmetelevision.com: non-200 status code received: 404
2024/03/26 15:47:19 Error crawling domain www.kdrv.com: non-200 status code received: 404
2024/03/26 15:47:19 Error crawling domain www.agedstudio.com: response does not look like an ads.txt file
2024/03/26 15:47:19 Error crawling domain klowdtv.com: non-200 status code received: 404
2024/03/26 15:47:19 Error crawling domain thepolettigroup.com: non-200 status code received: 404
2024/03/26 15:47:20 Error crawling domain amc.com: non-200 status code received: 404
2024/03/26 15:47:20 Error crawling domain wptv.com: non-200 status code received: 404
2024/03/26 15:47:20 Error crawling domain futuretodayinc.com: non-200 status code received: 404
2024/03/26 15:47:20 Error crawling domain www.nfl.com: non-200 status code received: 404
2024/03/26 15:47:20 Error crawling domain sarajeans.in: non-200 status code received: 404
2024/03/26 15:47:21 Error crawling domain www.univisionnow.com: non-200 status code received: 404
2024/03/26 15:47:21 Error crawling domain www.shepherd.games: non-200 status code received: 404
2024/03/26 15:47:21 Error crawling domain 495communications.com: non-200 status code received: 404
2024/03/26 15:47:22 Error crawling domain www.kolotv.com: non-200 status code received: 404
2024/03/26 15:47:22 Error crawling domain www.discovery.com: non-200 status code received: 403
2024/03/26 15:47:22 Error crawling domain castify.ai: non-200 status code received: 404
2024/03/26 15:47:22 Error crawling domain www.foxnews.com: non-200 status code received: 404
2024/03/26 15:47:22 Error crawling domain www.cbsnews.com: non-200 status code received: 404
2024/03/26 15:47:22 Error crawling domain : failed to fetch URL: Get "http:///app-ads": http: no Host in request URL
2024/03/26 15:47:22 Error crawling domain askordev.com: non-200 status code received: 403
2024/03/26 15:47:22 Error crawling domain www.thecowboychannel.com: non-200 status code received: 404
2024/03/26 15:47:22 Error crawling domain www.vysor.io: non-200 status code received: 404
2024/03/26 15:47:23 Error crawling domain coxmediagroup.com: failed to fetch URL: Get "/app-ads/": stopped after 3 redirects
2024/03/26 15:47:23 Error crawling domain futuretodayinc.com: non-200 status code received: 404
2024/03/26 15:47:23 Error crawling domain phoenixentertainment.org: non-200 status code received: 404
2024/03/26 15:47:23 Error crawling domain imo.im: non-200 status code received: 500
2024/03/26 15:47:23 Error crawling domain goapphelp.discovery.com: non-200 status code received: 404
2024/03/26 15:47:23 Error crawling domain : failed to fetch URL: Get "http:///app-ads": http: no Host in request URL
2024/03/26 15:47:23 Error crawling domain ruckusfactory.com: non-200 status code received: 404
2024/03/26 15:47:23 Error crawling domain : failed to fetch URL: Get "http:///app-ads": http: no Host in request URL
2024/03/26 15:47:23 Error crawling domain help.philo.com: non-200 status code received: 404
2024/03/26 15:47:23 Error crawling domain failarmy.tv: response does not look like an ads.txt file
2024/03/26 15:47:24 Error crawling domain moonfroglabs.com: non-200 status code received: 404
2024/03/26 15:47:24 Error crawling domain subsplash.com: non-200 status code received: 404
2024/03/26 15:47:24 Error crawling domain streemfire.com: non-200 status code received: 404
2024/03/26 15:47:24 Error crawling domain : failed to fetch URL: Get "http:///app-ads": http: no Host in request URL
2024/03/26 15:47:25 Error crawling domain movie-indo-5b984.web.app: response does not look like an ads.txt file
2024/03/26 15:47:25 Error crawling domain abc-applications.com: non-200 status code received: 404
2024/03/26 15:47:25 Error crawling domain www.tclchannel.com: non-200 status code received: 404
2024/03/26 15:47:26 Error crawling domain wpsdlocal6.com: non-200 status code received: 404
2024/03/26 15:47:26 Error crawling domain lightcast.com: non-200 status code received: 404
2024/03/26 15:47:26 Error crawling domain support.watch.nba.com: non-200 status code received: 404
2024/03/26 15:47:26 Error crawling domain olympics.com: non-200 status code received: 404
2024/03/26 15:47:26 Error crawling domain weedleapps.co.il: non-200 status code received: 404
2024/03/26 15:47:26 Error crawling domain pharoscode.co: non-200 status code received: 404
2024/03/26 15:47:27 Error crawling domain proceedx.com: non-200 status code received: 404
2024/03/26 15:47:27 Error crawling domain www.wect.com: non-200 status code received: 404
2024/03/26 15:47:28 Error crawling domain www.clickondetroit.com: non-200 status code received: 404
2024/03/26 15:47:28 Error crawling domain hulu.com: non-200 status code received: 404
2024/03/26 15:47:28 Error crawling domain www.univision.com: non-200 status code received: 404
2024/03/26 15:47:28 Error crawling domain www.utorrent.com: non-200 status code received: 404
2024/03/26 15:47:28 Error crawling domain help.flixhouse.com: non-200 status code received: 404
2024/03/26 15:47:29 Error crawling domain apps.telemundo.com: non-200 status code received: 404
2024/03/26 15:47:29 Error crawling domain : failed to fetch URL: Get "http:///app-ads": http: no Host in request URL
2024/03/26 15:47:29 Error crawling domain askordev.com: non-200 status code received: 403
2024/03/26 15:47:29 Error crawling domain siirdeste.blogspot.com: non-200 status code received: 404
2024/03/26 15:47:29 Error crawling domain drexls.com: failed to fetch URL: Get "http://drexls.com/app-ads": dial tcp: lookup drexls.com on 127.0.0.53:53: no such host
2024/03/26 15:47:30 Error crawling domain ttorrent.org: non-200 status code received: 404
2024/03/26 15:47:30 Error crawling domain caribbeanonetv.com: non-200 status code received: 404
2024/03/26 15:47:30 Error crawling domain www.peoplefun.com: non-200 status code received: 404
2024/03/26 15:47:31 Error crawling domain futuretodayinc.com: non-200 status code received: 404
2024/03/26 15:47:32 Error crawling domain www.marqueesportsnetwork.com: non-200 status code received: 404
2024/03/26 15:47:32 Error crawling domain wonderlo.tv: non-200 status code received: 404
2024/03/26 15:47:32 Error crawling domain download.appsforboost.com: non-200 status code received: 404
2024/03/26 15:47:32 Error crawling domain app16344379.appsgeyser.com: response does not look like an ads.txt file
2024/03/26 15:47:32 Error crawling domain www.gishan.net: non-200 status code received: 404
2024/03/26 15:47:33 Error crawling domain gameshownetwork.com: non-200 status code received: 404
2024/03/26 15:47:33 Error crawling domain solutionmakerz.com: non-200 status code received: 404
2024/03/26 15:47:33 Error crawling domain www.wsbtv.com: response does not look like an ads.txt file
2024/03/26 15:47:33 Error crawling domain aenetworks.com: non-200 status code received: 404
2024/03/26 15:47:34 Error crawling domain bonneville.com: non-200 status code received: 404
2024/03/26 15:47:34 Error crawling domain lightcast.com: non-200 status code received: 404
2024/03/26 15:47:34 Error crawling domain aralusgames.blogspot.com: non-200 status code received: 404
2024/03/26 15:47:34 Error crawling domain www.powernationtv.com: non-200 status code received: 404
2024/03/26 15:47:34 Error crawling domain re-tvnetworks.com: non-200 status code received: 403
2024/03/26 15:47:34 Error crawling domain zepheere.com: non-200 status code received: 404
2024/03/26 15:47:34 Error crawling domain apnaekendra.in: failed to fetch URL: Get "http://apnaekendra.in/app-ads": dial tcp: lookup apnaekendra.in on 127.0.0.53:53: server misbehaving
2024/03/26 15:47:35 Error crawling domain shahrefarang.live: non-200 status code received: 404
2024/03/26 15:47:35 Error crawling domain www.wbrc.com: non-200 status code received: 404
2024/03/26 15:47:36 Error crawling domain www.runtime.tv: non-200 status code received: 404
2024/03/26 15:47:36 Error crawling domain www.hulu.com: non-200 status code received: 404
2024/03/26 15:47:36 Error crawling domain www.local3news.com: non-200 status code received: 404
2024/03/26 15:47:36 Error crawling domain viki.com: non-200 status code received: 404
2024/03/26 15:47:36 Error crawling domain axs.tv: non-200 status code received: 404
2024/03/26 15:47:36 Error crawling domain : failed to fetch URL: Get "http:///app-ads": http: no Host in request URL
2024/03/26 15:47:36 Error crawling domain viacomcbsprivacy.com: non-200 status code received: 404
2024/03/26 15:47:36 Error crawling domain www.watchafl.com.au: non-200 status code received: 403
2024/03/26 15:47:37 Error crawling domain wfsb.com: non-200 status code received: 404
2024/03/26 15:47:37 Error crawling domain bbc.co.uk: non-200 status code received: 404
2024/03/26 15:47:37 Error crawling domain oprah.com: non-200 status code received: 404
2024/03/26 15:47:37 Error crawling domain : failed to fetch URL: Get "http:///app-ads": http: no Host in request URL
2024/03/26 15:47:37 Error crawling domain unioneinm.com: failed to fetch URL: Get "http://unioneinm.com/app-ads": dial tcp: lookup unioneinm.com on 127.0.0.53:53: no such host
2024/03/26 15:47:38 Error crawling domain getterms.io: non-200 status code received: 404
2024/03/26 15:47:38 Error crawling domain futuretodayinc.com: non-200 status code received: 404
2024/03/26 15:47:38 Error crawling domain www.nbcbayarea.com: failed to fetch URL: Get "https://www.nbcbayarea.com/": context deadline exceeded (Client.Timeout exceeded while awaiting headers)
2024/03/26 15:47:38 Error crawling domain stash.tv: non-200 status code received: 404
2024/03/26 15:47:39 Error crawling domain romansixvigaming.com: non-200 status code received: 404
2024/03/26 15:47:39 Error crawling domain www.boston25news.com: response does not look like an ads.txt file
2024/03/26 15:47:39 Error crawling domain futuretodayinc.com: non-200 status code received: 404
2024/03/26 15:47:39 Error crawling domain lavaonline.tv: non-200 status code received: 404
2024/03/26 15:47:39 Error crawling domain www.fast-pakistan.com: failed to fetch URL: Get "http://www.fast-pakistan.com/app-ads": dial tcp: lookup www.fast-pakistan.com on 127.0.0.53:53: no such host
2024/03/26 15:47:39 Error crawling domain www.cfitrainer.net: non-200 status code received: 404
2024/03/26 15:47:39 Error crawling domain pharoscode.co: non-200 status code received: 404
2024/03/26 15:47:39 Error crawling domain info.xumo.com: non-200 status code received: 404
2024/03/26 15:47:39 Error crawling domain www.ksfy.com: non-200 status code received: 404
2024/03/26 15:47:39 Error crawling domain www.bbc.com: non-200 status code received: 404
2024/03/26 15:47:39 Error crawling domain lightcast.com: non-200 status code received: 404
2024/03/26 15:47:40 Error crawling domain ktvb.com: non-200 status code received: 404
2024/03/26 15:47:40 Error crawling domain www.click2houston.com: non-200 status code received: 404
2024/03/26 15:47:40 Error crawling domain www.mobilityware.com: response does not look like an ads.txt file
2024/03/26 15:47:40 Error crawling domain www.miniclip.com: response does not look like an ads.txt file
2024/03/26 15:47:41 Error crawling domain plex.tv: non-200 status code received: 404
2024/03/26 15:47:41 Error crawling domain www.tcl.com: response does not look like an ads.txt file
2024/03/26 15:47:41 Error crawling domain kids2.com: non-200 status code received: 404
2024/03/26 15:47:41 Error crawling domain www.cars.com: failed to fetch URL: Get "http://www.cars.com/app-ads": context deadline exceeded (Client.Timeout exceeded while awaiting headers)
2024/03/26 15:47:41 Error crawling domain sootix.tv: non-200 status code received: 404
2024/03/26 15:47:41 Error crawling domain www.TVBAnywhereNA.com: response does not look like an ads.txt file
2024/03/26 15:47:41 Error crawling domain www.kltv.com: non-200 status code received: 404
2024/03/26 15:47:42 Error crawling domain youngradioplus-262203.web.app: non-200 status code received: 404
2024/03/26 15:47:42 Error crawling domain play.works: response does not look like an ads.txt file
2024/03/26 15:47:42 Error crawling domain futuretodayinc.com: non-200 status code received: 404
2024/03/26 15:47:42 Error crawling domain nbcuniversal.com: non-200 status code received: 404
2024/03/26 15:47:42 Error crawling domain play.works: response does not look like an ads.txt file
2024/03/26 15:47:42 Error crawling domain phoenixentertainment.org: non-200 status code received: 404
2024/03/26 15:47:42 Error crawling domain fox13now.com: non-200 status code received: 404
2024/03/26 15:47:42 Error crawling domain www.mlb.com: non-200 status code received: 404
2024/03/26 15:47:42 Error crawling domain stuffwelike.com: non-200 status code received: 404
2024/03/26 15:47:43 Error crawling domain glo.com: non-200 status code received: 404
2024/03/26 15:47:43 Error crawling domain www.mint-games.org: non-200 status code received: 404
2024/03/26 15:47:43 Error crawling domain futuretodayinc.com: non-200 status code received: 404
2024/03/26 15:47:43 Error crawling domain www.sciencechannel.com: response does not look like an ads.txt file
2024/03/26 15:47:44 Error crawling domain www.di.fm: non-200 status code received: 403
2024/03/26 15:47:44 Error crawling domain www.worldsurfleague.com: non-200 status code received: 404
2024/03/26 15:47:44 Error crawling domain mattmoores.com: non-200 status code received: 404
2024/03/26 15:47:44 Error crawling domain www.thedenverchannel.com: non-200 status code received: 404
2024/03/26 15:47:44 Error crawling domain futuretodayinc.com: non-200 status code received: 404
2024/03/26 15:47:44 Error crawling domain www.tiendeo.com: response does not look like an ads.txt file
2024/03/26 15:47:45 Error crawling domain hypercell.games: non-200 status code received: 404
2024/03/26 15:47:45 Error crawling domain www.aetv.com: non-200 status code received: 404
2024/03/26 15:47:45 Error crawling domain sites.google.com: non-200 status code received: 404
2024/03/26 15:47:45 Error crawling domain pharoscode.co: non-200 status code received: 404
2024/03/26 15:47:45 Error crawling domain grewal17an.blogspot.com: non-200 status code received: 404
2024/03/26 15:47:46 Error crawling domain futuretodayinc.com: non-200 status code received: 404
2024/03/26 15:47:46 Error crawling domain : failed to fetch URL: Get "http:///app-ads": http: no Host in request URL
2024/03/26 15:47:46 Error crawling domain futuretodayinc.com: non-200 status code received: 404
2024/03/26 15:47:46 Error crawling domain weathernationtv.com: non-200 status code received: 404
2024/03/26 15:47:46 Error crawling domain : failed to fetch URL: Get "http:///app-ads": http: no Host in request URL
2024/03/26 15:47:46 Error crawling domain www.stremium.com: non-200 status code received: 404
2024/03/26 15:47:47 Error crawling domain aenetworks.com: non-200 status code received: 404
2024/03/26 15:47:47 Error crawling domain www.newschannel5.com: non-200 status code received: 404
2024/03/26 15:47:47 Error crawling domain wallet.edenwallet.app: non-200 status code received: 404
2024/03/26 15:47:47 Error crawling domain ftvuhd.com: failed to fetch URL: Get "http://ftvuhd.com/app-ads": dial tcp: lookup ftvuhd.com on 127.0.0.53:53: no such host
2024/03/26 15:47:47 Error crawling domain hawaiinewsnow.com: non-200 status code received: 404
2024/03/26 15:47:48 Error crawling domain baltimore.cbslocal.com: response does not look like an ads.txt file
2024/03/26 15:47:48 Error crawling domain www.runtime.tv: non-200 status code received: 404
2024/03/26 15:47:48 Error crawling domain www.applicationsimportantes.com: non-200 status code received: 404
2024/03/26 15:47:48 Error crawling domain : failed to fetch URL: Get "http:///app-ads": http: no Host in request URL
2024/03/26 15:49:18 Data written to app-ads_txt_domains.txt successfully.
2024/03/26 15:49:18 Error crawling domain www.wizardgames.ca: non-200 status code received: 404
2024/03/26 15:49:18 Error crawling domain www.rocket2-vpn.top: non-200 status code received: 404
2024/03/26 15:49:18 Error crawling domain aastudio.org: non-200 status code received: 404
2024/03/26 15:49:18 Error crawling domain cbsinteractive.com: response does not look like an ads.txt file
2024/03/26 15:49:19 Error crawling domain asynctv.com: non-200 status code received: 404
2024/03/26 15:49:19 Error crawling domain wesdreamer.homes: non-200 status code received: 404
2024/03/26 15:49:19 Error crawling domain venevision.univtec.com: response does not look like an ads.txt file
2024/03/26 15:49:19 Error crawling domain www.kcbd.com: non-200 status code received: 404
2024/03/26 15:49:19 Error crawling domain futuretodayinc.com: non-200 status code received: 404
2024/03/26 15:49:20 Error crawling domain play.works: response does not look like an ads.txt file
2024/03/26 15:49:20 Error crawling domain pluto.tv: failed to fetch URL: Get "/something-went-wrong": stopped after 3 redirects
2024/03/26 15:49:20 Error crawling domain : failed to fetch URL: Get "http:///app-ads": http: no Host in request URL
2024/03/26 15:49:20 Error crawling domain : failed to fetch URL: Get "http:///app-ads": http: no Host in request URL
2024/03/26 15:49:21 Error crawling domain tbs.com: failed to fetch URL: Get "https://www.international.tbs.com/": stopped after 3 redirects
2024/03/26 15:49:21 Error crawling domain goapphelp.discovery.com: non-200 status code received: 404
2024/03/26 15:49:21 Error crawling domain www.inspiredsquare.com: non-200 status code received: 404
2024/03/26 15:49:21 Error crawling domain westernmassnews.com: non-200 status code received: 404
2024/03/26 15:49:22 Error crawling domain futuretodayinc.com: non-200 status code received: 404
2024/03/26 15:49:22 Error crawling domain biblediscoverytv.com: non-200 status code received: 502
2024/03/26 15:49:22 Error crawling domain downloader.easylife.studio: non-200 status code received: 404
2024/03/26 15:49:22 Error crawling domain zeasn.com: non-200 status code received: 404
2024/03/26 15:49:23 Error crawling domain futuretodayinc.com: non-200 status code received: 404
2024/03/26 15:49:23 Error crawling domain h5.baechat.my: response does not look like an ads.txt file
2024/03/26 15:49:23 Error crawling domain phoenixentertainment.org: non-200 status code received: 404
2024/03/26 15:49:23 Error crawling domain www.crystalite.org: non-200 status code received: 404
2024/03/26 15:49:23 Error crawling domain : failed to fetch URL: Get "http:///app-ads": http: no Host in request URL
2024/03/26 15:49:24 Error crawling domain 5newsonline.com: non-200 status code received: 404
2024/03/26 15:49:24 Error crawling domain www.kezi.com: non-200 status code received: 404
2024/03/26 15:49:24 Error crawling domain www.enni.de: non-200 status code received: 404
2024/03/26 15:49:24 Error crawling domain castify.ai: non-200 status code received: 404
2024/03/26 15:49:24 Error crawling domain : failed to fetch URL: Get "http:///app-ads": http: no Host in request URL
2024/03/26 15:49:25 Error crawling domain amctv.com: non-200 status code received: 404
2024/03/26 15:49:25 Error crawling domain badge-scanner.com: response does not look like an ads.txt file
2024/03/26 15:49:25 Error crawling domain hduofungames.com: non-200 status code received: 404
2024/03/26 15:49:25 Error crawling domain www.playstation.com: non-200 status code received: 404
2024/03/26 15:49:25 Error crawling domain 13wmaz.com: non-200 status code received: 404
2024/03/26 15:49:25 Error crawling domain : failed to fetch URL: Get "http:///app-ads": http: no Host in request URL
2024/03/26 15:49:25 Error crawling domain play.works: response does not look like an ads.txt file
2024/03/26 15:49:26 Error crawling domain cas.ai: non-200 status code received: 404
2024/03/26 15:49:26 Error crawling domain ududigital.com: non-200 status code received: 404
2024/03/26 15:49:26 Error crawling domain kacanggoreng007.blogspot.com: non-200 status code received: 404
2024/03/26 15:49:26 Error crawling domain vlogbox.com: non-200 status code received: 404
2024/03/26 15:49:26 Error crawling domain pharoscode.co: non-200 status code received: 404
2024/03/26 15:49:26 Error crawling domain app16330123.appsgeyser.com: response does not look like an ads.txt file
2024/03/26 15:49:27 Error crawling domain thv11.com: non-200 status code received: 404
2024/03/26 15:49:27 Error crawling domain www.weny.com: response does not look like an ads.txt file
2024/03/26 15:49:28 Error crawling domain app15309511.appsgeyser.com: response does not look like an ads.txt file
2024/03/26 15:49:28 Error crawling domain omnify.tv: non-200 status code received: 404
2024/03/26 15:49:28 Error crawling domain vestorm.com: response does not look like an ads.txt file
2024/03/26 15:49:28 Error crawling domain josdl.com: failed to fetch URL: Get "http://josdl.com/app-ads": dial tcp: lookup josdl.com on 127.0.0.53:53: read udp 127.0.0.1:37465->127.0.0.53:53: i/o timeout
2024/03/26 15:49:28 Error crawling domain mattmoores.com: non-200 status code received: 404
2024/03/26 15:49:29 Error crawling domain help.motortrend.com: non-200 status code received: 404
2024/03/26 15:49:29 Error crawling domain www.wlox.com: non-200 status code received: 404
2024/03/26 15:49:29 Error crawling domain lightcast.com: non-200 status code received: 404
2024/03/26 15:49:29 Error crawling domain danchoco.com: non-200 status code received: 404
2024/03/26 15:49:29 Error crawling domain www.metajoy.io: non-200 status code received: 404
2024/03/26 15:49:30 Error crawling domain kortv.com: non-200 status code received: 404
2024/03/26 15:49:30 Error crawling domain www.gameloft.com: non-200 status code received: 500
2024/03/26 15:49:30 Error crawling domain quickcast.tv: non-200 status code received: 404
2024/03/26 15:49:30 Error crawling domain www.workforcesoftware.com: non-200 status code received: 404
2024/03/26 15:49:30 Error crawling domain omnifytv: failed to fetch URL: Get "http://omnifytv/app-ads": dial tcp: lookup omnifytv on 127.0.0.53:53: server misbehaving
2024/03/26 15:49:31 Error crawling domain riderforhealth.org: non-200 status code received: 404
2024/03/26 15:49:31 Error crawling domain : failed to fetch URL: Get "http:///app-ads": http: no Host in request URL
2024/03/26 15:49:31 Error crawling domain solitaire-fun.web.app: non-200 status code received: 404
2024/03/26 15:49:31 Error crawling domain www.cbs3duluth.com: non-200 status code received: 404
2024/03/26 15:49:31 Error crawling domain www.wrdw.com: non-200 status code received: 404
2024/03/26 15:49:32 Error crawling domain nexstar.tv: non-200 status code received: 404
2024/03/26 15:49:32 Error crawling domain doubledutch.me: response does not look like an ads.txt file
2024/03/26 15:49:32 Error crawling domain www.theparkingspot.com: non-200 status code received: 404
2024/03/26 15:49:33 Error crawling domain www.retrocrush.tv: response does not look like an ads.txt file
2024/03/26 15:49:33 Error crawling domain : failed to fetch URL: Get "http:///app-ads": http: no Host in request URL
2024/03/26 15:49:34 Error crawling domain screensaver.media: non-200 status code received: 404
2024/03/26 15:49:34 Error crawling domain : failed to fetch URL: Get "http:///app-ads": http: no Host in request URL
2024/03/26 15:49:34 Error crawling domain : failed to fetch URL: Get "http:///app-ads": http: no Host in request URL
2024/03/26 15:49:34 Error crawling domain www.discovery.com: non-200 status code received: 403
2024/03/26 15:49:34 Error crawling domain www.telekom.de: non-200 status code received: 404
2024/03/26 15:49:34 Error crawling domain kgw.com: non-200 status code received: 404
2024/03/26 15:49:34 Error crawling domain www.teleformula.com.mx: response does not look like an ads.txt file
2024/03/26 15:49:34 Error crawling domain futuretodayinc.com: non-200 status code received: 404
2024/03/26 15:49:34 Error crawling domain omnify.tv: non-200 status code received: 404
2024/03/26 15:49:34 Error crawling domain rokufy.com: non-200 status code received: 404
2024/03/26 15:49:35 Error crawling domain ruckusfactory.com: non-200 status code received: 404
2024/03/26 15:49:35 Error crawling domain wsiltv.com: non-200 status code received: 404
2024/03/26 15:49:35 Error crawling domain play.works: response does not look like an ads.txt file
2024/03/26 15:49:36 Error crawling domain futuretodayinc.com: non-200 status code received: 404
2024/03/26 15:49:36 Error crawling domain redbox.com: non-200 status code received: 403
2024/03/26 15:49:36 Error crawling domain www.ketv.com: non-200 status code received: 404
2024/03/26 15:49:36 Error crawling domain : failed to fetch URL: Get "http:///app-ads": http: no Host in request URL
2024/03/26 15:49:36 Error crawling domain : failed to fetch URL: Get "http:///app-ads": http: no Host in request URL
2024/03/26 15:49:36 Error crawling domain subsplash.com: non-200 status code received: 404
2024/03/26 15:49:36 Error crawling domain pokerbankrolltracker.net: non-200 status code received: 404
2024/03/26 15:49:36 Error crawling domain futuretodayinc.com: non-200 status code received: 404
2024/03/26 15:49:36 Error crawling domain www.tvbanywherena.com: response does not look like an ads.txt file
2024/03/26 15:49:37 Error crawling domain iwanttfc.com: non-200 status code received: 404
2024/03/26 15:49:37 Error crawling domain directcaster.com: non-200 status code received: 404
2024/03/26 15:49:37 Error crawling domain www.kkco11news.com: non-200 status code received: 404
2024/03/26 15:49:37 Error crawling domain ott.studio: non-200 status code received: 404
2024/03/26 15:49:37 Error crawling domain www.christianeugenio-indiegames.com: failed to fetch URL: Get "http://www.christianeugenio-indiegames.com/app-ads": dial tcp: lookup www.christianeugenio-indiegames.com on 127.0.0.53:53: no such host
2024/03/26 15:49:38 Error crawling domain pharoscode.co: non-200 status code received: 404
2024/03/26 15:49:38 Error crawling domain hicash.in: failed to fetch URL: Get "http://hicash.in/app-ads": dial tcp: lookup hicash.in on 127.0.0.53:53: no such host
2024/03/26 15:49:38 Error crawling domain rocketcitynow.com: non-200 status code received: 404
2024/03/26 15:49:39 Error crawling domain www.nobexpartners.com: non-200 status code received: 404
2024/03/26 15:49:39 Error crawling domain : failed to fetch URL: Get "http:///app-ads": http: no Host in request URL
2024/03/26 15:49:39 Error crawling domain aigames.ae: non-200 status code received: 404
2024/03/26 15:49:39 Error crawling domain sling.com: failed to fetch URL: Get "https://www.sling.com:443/geo-block/index.html": stopped after 3 redirects
2024/03/26 15:49:40 Error crawling domain www.gessa.info: failed to fetch URL: Get "http://www.gessa.info/app-ads": context deadline exceeded (Client.Timeout exceeded while awaiting headers)
2024/03/26 15:49:40 Error crawling domain www.fox23.com: non-200 status code received: 404
2024/03/26 15:49:40 Error crawling domain lex18.com: non-200 status code received: 404
2024/03/26 15:49:40 Error crawling domain www.cbs8.com: failed to fetch URL: Get "http://www.cbs8.com/app-ads": context deadline exceeded (Client.Timeout exceeded while awaiting headers)
2024/03/26 15:49:40 Error crawling domain fundozer.com: non-200 status code received: 404
2024/03/26 15:49:40 Error crawling domain sling.com: failed to fetch URL: Get "https://www.sling.com:443/geo-block/index.html": stopped after 3 redirects
2024/03/26 15:49:41 Error crawling domain gynoid.life: non-200 status code received: 404
2024/03/26 15:49:41 Error crawling domain www.passumpsicbank.com: non-200 status code received: 404
2024/03/26 15:49:41 Error crawling domain lightcast.com: non-200 status code received: 404
2024/03/26 15:49:41 Error crawling domain lightcast.com: non-200 status code received: 404
2024/03/26 15:49:42 Error crawling domain castify.ai: non-200 status code received: 404
2024/03/26 15:49:42 Error crawling domain witn.com: non-200 status code received: 404
2024/03/26 15:49:42 Error crawling domain hubbardbroadcasting.com: non-200 status code received: 404
2024/03/26 15:49:42 Error crawling domain wonderlo.tv: non-200 status code received: 404
2024/03/26 15:49:42 Error crawling domain apps.nbcnews.com: non-200 status code received: 403
2024/03/26 15:49:42 Error crawling domain virtualvisit.bostonchildrens.org: failed to fetch URL: Get "http://virtualvisit.bostonchildrens.org/app-ads": dial tcp: lookup virtualvisit.bostonchildrens.org on 127.0.0.53:53: no such host
2024/03/26 15:49:42 Error crawling domain viacomcbsprivacy.com: non-200 status code received: 404
2024/03/26 15:49:42 Error crawling domain : failed to fetch URL: Get "http:///app-ads": http: no Host in request URL
2024/03/26 15:49:42 Error crawling domain : failed to fetch URL: Get "http:///app-ads": http: no Host in request URL
2024/03/26 15:49:43 Error crawling domain www.amc.com: non-200 status code received: 404
2024/03/26 15:49:43 Error crawling domain www.wymt.com: non-200 status code received: 404
2024/03/26 15:49:44 Error crawling domain www.beldora.com.tw: non-200 status code received: 404
2024/03/26 15:49:44 Error crawling domain www.wtap.com: non-200 status code received: 404
2024/03/26 15:49:44 Error crawling domain www.facebook.com: response does not look like an ads.txt file
2024/03/26 15:49:44 Error crawling domain lightcast.com: non-200 status code received: 404
2024/03/26 15:49:44 Error crawling domain futuretodayinc.com: non-200 status code received: 404
2024/03/26 15:49:44 Error crawling domain : failed to fetch URL: Get "http:///app-ads": http: no Host in request URL
2024/03/27 08:47:48 Data written to app-ads_txt_domains.txt successfully.
2024/03/27 08:47:49 Error crawling domain aastudio.org: non-200 status code received: 404
2024/03/27 08:47:49 Error crawling domain www.wizardgames.ca: non-200 status code received: 404
2024/03/27 08:47:49 Error crawling domain wesdreamer.homes: non-200 status code received: 404
2024/03/27 08:47:49 Error crawling domain h5.baechat.my: response does not look like an ads.txt file
2024/03/27 08:47:49 Error crawling domain cbsinteractive.com: response does not look like an ads.txt file
2024/03/27 08:47:50 Error crawling domain asynctv.com: non-200 status code received: 404
2024/03/27 08:47:50 Error crawling domain futuretodayinc.com: non-200 status code received: 404
2024/03/27 08:47:50 Error crawling domain pluto.tv: failed to fetch URL: Get "/something-went-wrong": stopped after 3 redirects
2024/03/27 08:47:50 Error crawling domain venevision.univtec.com: response does not look like an ads.txt file
2024/03/27 08:47:50 Error crawling domain play.works: response does not look like an ads.txt file
2024/03/27 08:47:50 Error crawling domain www.kcbd.com: non-200 status code received: 404
2024/03/27 08:47:50 Error crawling domain : failed to fetch URL: Get "http:///app-ads": http: no Host in request URL
2024/03/27 08:47:50 Error crawling domain : failed to fetch URL: Get "http:///app-ads": http: no Host in request URL
2024/03/27 08:47:51 Error crawling domain tbs.com: failed to fetch URL: Get "https://www.international.tbs.com/": stopped after 3 redirects
2024/03/27 08:47:51 Error crawling domain goapphelp.discovery.com: non-200 status code received: 404
2024/03/27 08:47:51 Error crawling domain www.crystalite.org: non-200 status code received: 404
2024/03/27 08:47:52 Error crawling domain biblediscoverytv.com: non-200 status code received: 502
2024/03/27 08:47:52 Error crawling domain www.inspiredsquare.com: non-200 status code received: 404
2024/03/27 08:47:52 Error crawling domain www.enni.de: non-200 status code received: 404
2024/03/27 08:47:52 Error crawling domain badge-scanner.com: response does not look like an ads.txt file
2024/03/27 08:47:52 Error crawling domain thv11.com: non-200 status code received: 404
2024/03/27 08:47:52 Error crawling domain futuretodayinc.com: non-200 status code received: 404
2024/03/27 08:47:53 Error crawling domain mattmoores.com: non-200 status code received: 404
2024/03/27 08:47:53 Error crawling domain westernmassnews.com: non-200 status code received: 404
2024/03/27 08:47:53 Error crawling domain zeasn.com: non-200 status code received: 404
2024/03/27 08:47:53 Error crawling domain : failed to fetch URL: Get "http:///app-ads": http: no Host in request URL
2024/03/27 08:47:53 Error crawling domain futuretodayinc.com: non-200 status code received: 404
